[debug] ----------------------------------------------------------------------
[debug] Command:      C:\Program Files\nodejs\node.exe C:\Users\John\AppData\Roaming\npm\node_modules\firebase-tools\bin\firebase deploy
[debug] CLI Version:  3.0.8
[debug] Platform:     win32
[debug] Node Version: v4.6.1
[debug] Time:         Fri Oct 21 2016 18:16:41 GMT-0400 (Eastern Daylight Time)
[debug] ----------------------------------------------------------------------
[debug] 
[debug] > command requires scopes: ["email","openid","https://www.googleapis.com/auth/cloudplatformprojects.readonly","https://www.googleapis.com/auth/firebase"]
[debug] >>> HTTP REQUEST GET https://admin.firebase.com/v1/projects/groomsmen-fde65 
[debug] <<< HTTP RESPONSE 200
[debug] >>> HTTP REQUEST GET https://admin.firebase.com/v1/database/groomsmen-fde65/tokens 
[debug] <<< HTTP RESPONSE 200
[info] 
[info] === Deploying to 'groomsmen-fde65'...
[info] 
[info] i  deploying hosting
[info] +  database: rules ready to deploy.
[info] i  hosting: preparing public directory for upload...
[debug] >>> HTTP REQUEST PUT https://deploy.firebase.com/v1/hosting/groomsmen-fde65/uploads/-KUdJKEQ_24VzUuCsLHc?fileCount=17&message= 
